



Receiver Sophias-MacBook-Pro.local starts measurements at sender 149.130.142.146 on Thu Jan 19 12:07:11 2017 

	*****  RESULT *****
Available bandwidth range : 0.00 - 0.00 (Mbps)
Measurements finished at Thu Jan 19 12:08:11 2017 
Measurement latency is 60.00 sec 












Receiver Sophias-MacBook-Pro.local starts measurements at sender 149.130.193.47 on Tue Feb 14 17:32:48 2017 
  Maximum packet size          :: 1363 bytes
  send latency @sndr           :: 11 usec
  recv latency @rcvr           :: 6 usec
  Minimum packet spacing       :: 22 usec
  Max rate(max_pktsz/min_time) :: 505.82Mbps
  ADR [.....]                  :: 177.17Mbps (I)
  Grey bandwidth resolution    :: 8.86

Receiving Fleet 0
  Fleet Parameter(req)  :: R=176.63Mbps, L=1363B, K=100packets, T=63usec
  Lossrate per stream   :: :0.0:0.0:0.0:41.0
  Fleet aborted due to high lossrate
  Rmin-Rmax             :: 0.00-176.63Mbps
  Gmin-Gmax             :: 0.00-0.00Mbps

Receiving Fleet 1
  Fleet Parameter(req)  :: R=88.32Mbps, L=855B, K=100packets, T=80usec
  Lossrate per stream   :: :0.0:0.0:0.0:0.0:0.0:0.0:0.0:3.0:0.0:28.0
  Fleet aborted due to high lossrate
  Rmin-Rmax             :: 0.00-88.32Mbps
  Gmin-Gmax             :: 0.00-0.00Mbps

Receiving Fleet 2
  Fleet Parameter(req)  :: R=44.16Mbps, L=414B, K=100packets, T=80usec
  Lossrate per stream   :: :0.0:0.0:0.0:0.0:0.0:7.0:0.0:0.0:0.0:0.0:0.0:7.0
  # of CS @ sndr        :: : 0: 0: 0: 0: 0: 0: 0: 0: 0: 0: 0
  # of CS @ rcvr        :: : 8:18: 8: 6:17: 8:10: 8:10:10:14
  # of DS @ rcvr        :: :90:75:89:92:75:75:84:88:80:84:76
  Fleet Parameter(act)  :: R=43.65Mbps, L=414B, K=100packets, T=81usec
  PCT metric/stream[ 0] :: 
  PDT metric/stream[ 0] :: 
  PCT Trend/stream [ 0] :: 
  PDT Trend/stream [ 0] :: 
  Trend per stream [ 0] :: 

Receiving Fleet 3
  Fleet Parameter(req)  :: R=43.65Mbps, L=409B, K=100packets, T=80usec
  Lossrate per stream   :: :0.0:0.0:0.0:2.0:0.0:6.0:3.0:14.0:0.0:0.0:0.0:0.0
  # of CS @ sndr        :: : 0: 0: 0: 0: 0: 0: 0: 0: 0: 0: 0
  # of CS @ rcvr        :: : 5: 6:19:13: 7:13: 9:13:13: 6:12
  # of DS @ rcvr        :: :93:92:72:79:91:78:83:64:83:89:72
  Fleet Parameter(act)  :: R=43.16Mbps, L=409B, K=100packets, T=81usec
  PCT metric/stream[ 0] :: 
  PDT metric/stream[ 0] :: 
  PCT Trend/stream [ 0] :: 
  PDT Trend/stream [ 0] :: 
  Trend per stream [ 0] :: 

	*****  RESULT *****
Measurement terminated due to frequent CS @ sender/receiver.




Receiver Sophias-MacBook-Pro.local starts measurements at sender 149.130.193.47 on Tue Feb 14 17:33:51 2017 
  Maximum packet size          :: 1363 bytes
  send latency @sndr           :: 9 usec
  recv latency @rcvr           :: 5 usec
  Minimum packet spacing       :: 18 usec
  Max rate(max_pktsz/min_time) :: 618.22Mbps
  ADR [.]                      :: 25.62Mbps
  Grey bandwidth resolution    :: 1.28

Receiving Fleet 0
  Fleet Parameter(req)  :: R=25.62Mbps, L=228B, K=100packets, T=80usec
  Lossrate per stream   :: :0.0:0.0:0.0:0.0:0.0:0.0:0.0:0.0:0.0:0.0:0.0:0.0
  # of CS @ sndr        :: : 0: 0: 0: 0: 0: 0: 0: 0: 0: 0: 0
  # of CS @ rcvr        :: :16: 7:12:11:14:17:19:11:15:15:13
  # of DS @ rcvr        :: :76:88:82:85:81:78:74:83:74:80:81
  Fleet Parameter(act)  :: R=25.60Mbps, L=228B, K=100packets, T=80usec
  PCT metric/stream[ 0] :: 
  PDT metric/stream[ 0] :: 
  PCT Trend/stream [ 0] :: 
  PDT Trend/stream [ 0] :: 
  Trend per stream [ 0] :: 

Receiving Fleet 1
  Fleet Parameter(req)  :: R=25.60Mbps, L=228B, K=100packets, T=80usec
  Lossrate per stream   :: :3.0:0.0:0.0:0.0:0.0:0.0:0.0:0.0:0.0:0.0:0.0:0.0
  # of CS @ sndr        :: : 0: 0: 0: 0: 0: 0: 0: 0: 0: 0: 0
  # of CS @ rcvr        :: :11:12:19:11:11:14:14:10:12:14:17
  # of DS @ rcvr        :: :79:81:76:85:85:79:83:86:85:84:74
  Fleet Parameter(act)  :: R=25.60Mbps, L=228B, K=100packets, T=80usec
  PCT metric/stream[ 0] :: 
  PDT metric/stream[ 0] :: 
  PCT Trend/stream [ 0] :: 
  PDT Trend/stream [ 0] :: 
  Trend per stream [ 0] :: 

	*****  RESULT *****
Measurement terminated due to frequent CS @ sender/receiver.




Receiver Sophias-MacBook-Pro.local starts measurements at sender 149.130.193.47 on Tue Feb 14 17:34:05 2017 
  Maximum packet size          :: 1363 bytes
  send latency @sndr           :: 9 usec
  recv latency @rcvr           :: 7 usec
  Minimum packet spacing       :: 18 usec
  Max rate(max_pktsz/min_time) :: 618.22Mbps
  ADR [.]                      :: 45.58Mbps
  Grey bandwidth resolution    :: 2.28

Receiving Fleet 0
  Fleet Parameter(req)  :: R=45.58Mbps, L=428B, K=100packets, T=80usec
  Lossrate per stream   :: :0.0:0.0:0.0:0.0:0.0:0.0:0.0:0.0:0.0:0.0:0.0:0.0
  # of CS @ sndr        :: : 0: 0: 0: 0: 0: 0: 0: 0: 0: 0: 0
  # of CS @ rcvr        :: :21:21:18:12:22:15:16:21:21:18:19
  # of DS @ rcvr        :: :72:67:73:77:67:81:75:68:68:72:74
  Fleet Parameter(act)  :: R=45.60Mbps, L=428B, K=100packets, T=80usec
  PCT metric/stream[ 0] :: 
  PDT metric/stream[ 0] :: 
  PCT Trend/stream [ 0] :: 
  PDT Trend/stream [ 0] :: 
  Trend per stream [ 0] :: 

Receiving Fleet 1
  Fleet Parameter(req)  :: R=45.60Mbps, L=428B, K=100packets, T=80usec
  Lossrate per stream   :: :0.0:0.0:0.0:0.0:0.0:0.0:0.0:0.0:0.0:0.0:0.0:0.0
  # of CS @ sndr        :: : 0: 0: 0: 0: 0: 0: 0: 0: 0: 0: 0
  # of CS @ rcvr        :: :16:23:18:17:22:16:10:18:22:14:23
  # of DS @ rcvr        :: :75:69:70:76:68:74:86:76:70:78:69
  Fleet Parameter(act)  :: R=45.60Mbps, L=428B, K=100packets, T=80usec
  PCT metric/stream[ 0] :: 
  PDT metric/stream[ 0] :: 
  PCT Trend/stream [ 0] :: 
  PDT Trend/stream [ 0] :: 
  Trend per stream [ 0] :: 

	*****  RESULT *****
Measurement terminated due to frequent CS @ sender/receiver.




Receiver Sophias-MacBook-Pro.local starts measurements at sender 149.130.193.47 on Tue Feb 14 17:40:38 2017 
  Maximum packet size          :: 1363 bytes
  send latency @sndr           :: 21 usec
  recv latency @rcvr           :: 6 usec
  Minimum packet spacing       :: 42 usec
  Max rate(max_pktsz/min_time) :: 264.95Mbps
  ADR [.]                      :: 36.15Mbps
  Grey bandwidth resolution    :: 1.81

Receiving Fleet 0
  Fleet Parameter(req)  :: R=36.15Mbps, L=334B, K=100packets, T=80usec
  Lossrate per stream   :: :0.0:0.0:0.0:0.0:0.0:0.0:0.0:0.0:0.0:0.0:0.0:0.0
  # of CS @ sndr        :: : 0: 0: 0: 0: 0: 0: 0: 0: 0: 0: 0
  # of CS @ rcvr        :: : 8:10: 9: 8: 9:11: 9: 8:11: 9:12
  # of DS @ rcvr        :: :89:89:86:89:84:84:87:89:85:89:83
  Fleet Parameter(act)  :: R=36.20Mbps, L=334B, K=100packets, T=80usec
  PCT metric/stream[ 0] :: 
  PDT metric/stream[ 0] :: 
  PCT Trend/stream [ 0] :: 
  PDT Trend/stream [ 0] :: 
  Trend per stream [ 0] :: 

Receiving Fleet 1
  Fleet Parameter(req)  :: R=36.20Mbps, L=334B, K=100packets, T=80usec
  Lossrate per stream   :: :0.0:0.0:0.0:0.0:0.0:0.0:0.0:0.0:0.0:0.0:0.0:0.0
  # of CS @ sndr        :: : 0: 0: 0: 0: 0: 0: 0: 0: 0: 0: 0
  # of CS @ rcvr        :: :10:11:10: 7: 9: 8:12:13:11:12:12
  # of DS @ rcvr        :: :84:86:88:90:87:76:81:79:82:81:82
  Fleet Parameter(act)  :: R=36.20Mbps, L=334B, K=100packets, T=80usec
  PCT metric/stream[ 0] :: 
  PDT metric/stream[ 0] :: 
  PCT Trend/stream [ 0] :: 
  PDT Trend/stream [ 0] :: 
  Trend per stream [ 0] :: 

	*****  RESULT *****
Measurement terminated due to frequent CS @ sender/receiver.




Receiver Sophias-MacBook-Pro.local starts measurements at sender 149.130.193.47 on Tue Feb 14 17:41:14 2017 
  Maximum packet size          :: 1363 bytes
  send latency @sndr           :: 23 usec
  recv latency @rcvr           :: 7 usec
  Minimum packet spacing       :: 46 usec
  Max rate(max_pktsz/min_time) :: 241.91Mbps
  ADR [.]                      :: 37.39Mbps
  Grey bandwidth resolution    :: 1.87

Receiving Fleet 0
  Fleet Parameter(req)  :: R=37.39Mbps, L=346B, K=100packets, T=80usec
  Lossrate per stream   :: :0.0:0.0:0.0:0.0:0.0:0.0:0.0:0.0:0.0:0.0:0.0:0.0
  # of CS @ sndr        :: : 0: 0: 0: 0: 0: 0: 0: 0: 0: 0: 0
  # of CS @ rcvr        :: :12:16: 6: 7: 8: 4:13:13:15:14: 6
  # of DS @ rcvr        :: :85:79:91:89:87:93:79:83:79:67:91
  Fleet Parameter(act)  :: R=37.40Mbps, L=346B, K=100packets, T=80usec
  PCT metric/stream[ 0] :: 
  PDT metric/stream[ 0] :: 
  PCT Trend/stream [ 0] :: 
  PDT Trend/stream [ 0] :: 
  Trend per stream [ 0] :: 

Receiving Fleet 1
  Fleet Parameter(req)  :: R=37.40Mbps, L=346B, K=100packets, T=80usec
  Lossrate per stream   :: :0.0:0.0:0.0:1.0:0.0:0.0:0.0:0.0:0.0:0.0:0.0:0.0
  # of CS @ sndr        :: : 0: 0: 0: 0: 0: 0: 0: 0: 0: 0: 0
  # of CS @ rcvr        :: : 6: 6:11: 7:10: 7:15:10: 5:14: 9
  # of DS @ rcvr        :: :90:88:83:85:86:89:83:84:92:80:86
  Fleet Parameter(act)  :: R=37.40Mbps, L=346B, K=100packets, T=80usec
  PCT metric/stream[ 0] :: 
  PDT metric/stream[ 0] :: 
  PCT Trend/stream [ 0] :: 
  PDT Trend/stream [ 0] :: 
  Trend per stream [ 0] :: 

	*****  RESULT *****
Measurement terminated due to frequent CS @ sender/receiver.




Receiver Sophias-MacBook-Pro.local starts measurements at sender 149.130.195.152 on Wed Mar  1 13:34:37 2017 
  Maximum packet size          :: 1363 bytes
  send latency @sndr           :: 6 usec
  recv latency @rcvr           :: 5 usec
  Minimum packet spacing       :: 12 usec
  Max rate(max_pktsz/min_time) :: 927.33Mbps
  ADR [.]                      :: 14.77Mbps
  Grey bandwidth resolution    :: 0.74

Receiving Fleet 0
  Fleet Parameter(req)  :: R=14.83Mbps, L=200B, K=100packets, T=123usec
  Lossrate per stream   :: :0.0:0.0:0.0:0.0:0.0:0.0:0.0:0.0:0.0:0.0:0.0:0.0
  # of CS @ sndr        :: : 0: 0: 0: 0: 0: 0: 0: 0: 0: 0: 0
  # of CS @ rcvr        :: :21:12:13:11:21:23:19:26:21:14:16
  # of DS @ rcvr        :: :66:81:56:48:67:61:67:60:66:70:75
  Fleet Parameter(act)  :: R=14.83Mbps, L=200B, K=100packets, T=123usec
  PCT metric/stream[ 4] :: 0.88:0.88:0.71:0.29:
  PDT metric/stream[ 4] :: 1.00:1.00:0.87:0.29:
  PCT Trend/stream [ 4] :: IIIN
  PDT Trend/stream [ 4] :: IIIN
  Trend per stream [ 4] :: IIIN

Receiving Fleet 1
  Fleet Parameter(req)  :: R=14.83Mbps, L=200B, K=100packets, T=123usec
  Lossrate per stream   :: :0.0:0.0:0.0:0.0:0.0:0.0:0.0:0.0:0.0:0.0:0.0:0.0
  # of CS @ sndr        :: : 0: 0: 0: 0: 0: 0: 0: 0: 0: 0: 0
  # of CS @ rcvr        :: :14: 9:15:10:19:22: 8:23:19:20: 9
  # of DS @ rcvr        :: :70:79:77:82:66:66:86:63:62:68:86
  Fleet Parameter(act)  :: R=14.83Mbps, L=200B, K=100packets, T=123usec
  PCT metric/stream[ 2] :: 0.57:0.57:
  PDT metric/stream[ 2] :: 0.63:0.23:
  PCT Trend/stream [ 2] :: UU
  PDT Trend/stream [ 2] :: IN
  Trend per stream [ 2] :: IN

	*****  RESULT *****
Measurement terminated due to frequent CS @ sender/receiver.




Receiver Sophias-MacBook-Pro.local starts measurements at sender 149.130.195.152 on Wed Mar  1 13:43:54 2017 
  Maximum packet size          :: 1363 bytes
  send latency @sndr           :: 7 usec
  recv latency @rcvr           :: 7 usec
  Minimum packet spacing       :: 14 usec
  Max rate(max_pktsz/min_time) :: 794.86Mbps
  ADR [.]                      :: 6.94Mbps
  Grey bandwidth resolution    :: 0.35

Receiving Fleet 0
  Fleet Parameter(req)  :: R=6.94Mbps, L=200B, K=100packets, T=263usec
  Lossrate per stream   :: :0.0:0.0:0.0:0.0:0.0:0.0:0.0:0.0:0.0:0.0:0.0:0.0
  # of CS @ sndr        :: : 0: 0: 0: 0: 0: 0: 0: 0: 0: 0: 0
  # of CS @ rcvr        :: :10: 8:14:17:16:14:23:15:12: 8:12
  # of DS @ rcvr        :: :84:71:82:80:61:80:66:73:65:90:85
  Fleet Parameter(act)  :: R=6.94Mbps, L=200B, K=100packets, T=263usec
  PCT metric/stream[ 1] :: 0.86:
  PDT metric/stream[ 1] :: 1.00:
  PCT Trend/stream [ 1] :: I
  PDT Trend/stream [ 1] :: I
  Trend per stream [ 1] :: I

Receiving Fleet 1
  Fleet Parameter(req)  :: R=6.94Mbps, L=200B, K=100packets, T=263usec
  Lossrate per stream   :: :0.0:0.0:0.0:0.0:0.0:0.0:0.0:0.0:0.0:0.0:0.0:0.0
  # of CS @ sndr        :: : 0: 0: 0: 0: 0: 0: 0: 0: 0: 0: 0
  # of CS @ rcvr        :: :22:16:17:22:19:10: 6:15:10:18: 3
  # of DS @ rcvr        :: :50:77:71:73:66:71:88:74:87:71:96
  Fleet Parameter(act)  :: R=6.94Mbps, L=200B, K=100packets, T=263usec
  PCT metric/stream[ 1] :: 0.57:
  PDT metric/stream[ 1] :: 0.90:
  PCT Trend/stream [ 1] :: U
  PDT Trend/stream [ 1] :: I
  Trend per stream [ 1] :: I

	*****  RESULT *****
Measurement terminated due to frequent CS @ sender/receiver.




Receiver Sophias-MacBook-Pro.local starts measurements at sender 149.130.143.251 on Wed Mar  1 13:44:57 2017 
  Maximum packet size          :: 1363 bytes
  send latency @sndr           :: 7 usec
  recv latency @rcvr           :: 6 usec
  Minimum packet spacing       :: 14 usec
  Max rate(max_pktsz/min_time) :: 794.86Mbps
  ADR [.]                      :: 15.92Mbps
  Grey bandwidth resolution    :: 0.80

Receiving Fleet 0
  Fleet Parameter(req)  :: R=15.86Mbps, L=200B, K=100packets, T=115usec
  Lossrate per stream   :: :0.0:0.0:0.0:0.0:0.0:0.0:0.0:0.0:0.0:0.0:0.0:0.0
  # of CS @ sndr        :: : 0: 0: 0: 0: 0: 0: 0: 0: 0: 0: 0
  # of CS @ rcvr        :: :14:14:18:16:22:18:18:15:16:15:10
  # of DS @ rcvr        :: :78:77:75:74:68:67:73:78:75:74:84
  Fleet Parameter(act)  :: R=15.86Mbps, L=200B, K=100packets, T=115usec
  PCT metric/stream[ 0] :: 
  PDT metric/stream[ 0] :: 
  PCT Trend/stream [ 0] :: 
  PDT Trend/stream [ 0] :: 
  Trend per stream [ 0] :: 

Receiving Fleet 1
  Fleet Parameter(req)  :: R=15.86Mbps, L=200B, K=100packets, T=115usec
  Lossrate per stream   :: :0.0:0.0:0.0:0.0:0.0:0.0:0.0:0.0:0.0:0.0:0.0:0.0
  # of CS @ sndr        :: : 0: 0: 0: 0: 0: 0: 0: 0: 0: 0: 0
  # of CS @ rcvr        :: :18:28:15:16:18:18:13:15:13:15:11
  # of DS @ rcvr        :: :74:60:77:73:71:74:77:71:79:76:75
  Fleet Parameter(act)  :: R=15.86Mbps, L=200B, K=100packets, T=115usec
  PCT metric/stream[ 1] :: 0.29:
  PDT metric/stream[ 1] :: 0.40:
  PCT Trend/stream [ 1] :: N
  PDT Trend/stream [ 1] :: U
  Trend per stream [ 1] :: N

	*****  RESULT *****
Measurement terminated due to frequent CS @ sender/receiver.
